{
    "numFailedTestSuites": 0,
    "numFailedTests": 0,
    "numPassedTestSuites": 1,
    "numPassedTests": 6,
    "numPendingTestSuites": 0,
    "numPendingTests": 0,
    "numRuntimeErrorTestSuites": 0,
    "numTodoTests": 0,
    "numTotalTestSuites": 1,
    "numTotalTests": 6,
    "openHandles": [],
    "snapshot": {
        "added": 0,
        "didUpdate": false,
        "failure": false,
        "filesAdded": 0,
        "filesRemoved": 0,
        "filesRemovedList": [],
        "filesUnmatched": 0,
        "filesUpdated": 0,
        "matched": 0,
        "total": 0,
        "unchecked": 0,
        "uncheckedKeysByFile": [],
        "unmatched": 0,
        "updated": 0
    },
    "startTime": 1725272864825,
    "success": true,
    "testResults": [
        {
            "assertionResults": [
                {
                    "ancestorTitles": [
                        "TaskManager"
                    ],
                    "duration": 3,
                    "failureDetails": [],
                    "failureMessages": [],
                    "fullName": "TaskManager should add a new task",
                    "invocations": 1,
                    "location": null,
                    "numPassingAsserts": 3,
                    "retryReasons": [],
                    "status": "passed",
                    "title": "should add a new task"
                },
                {
                    "ancestorTitles": [
                        "TaskManager"
                    ],
                    "duration": 0,
                    "failureDetails": [],
                    "failureMessages": [],
                    "fullName": "TaskManager should complete a task",
                    "invocations": 1,
                    "location": null,
                    "numPassingAsserts": 1,
                    "retryReasons": [],
                    "status": "passed",
                    "title": "should complete a task"
                },
                {
                    "ancestorTitles": [
                        "TaskManager"
                    ],
                    "duration": 14,
                    "failureDetails": [],
                    "failureMessages": [],
                    "fullName": "TaskManager should throw an error when completing an already completed task",
                    "invocations": 1,
                    "location": null,
                    "numPassingAsserts": 1,
                    "retryReasons": [],
                    "status": "passed",
                    "title": "should throw an error when completing an already completed task"
                },
                {
                    "ancestorTitles": [
                        "TaskManager"
                    ],
                    "duration": 1,
                    "failureDetails": [],
                    "failureMessages": [],
                    "fullName": "TaskManager should list tasks without showing completed tasks",
                    "invocations": 1,
                    "location": null,
                    "numPassingAsserts": 2,
                    "retryReasons": [],
                    "status": "passed",
                    "title": "should list tasks without showing completed tasks"
                },
                {
                    "ancestorTitles": [
                        "TaskManager"
                    ],
                    "duration": 2,
                    "failureDetails": [],
                    "failureMessages": [],
                    "fullName": "TaskManager should throw an error when adding a task with no title",
                    "invocations": 1,
                    "location": null,
                    "numPassingAsserts": 1,
                    "retryReasons": [],
                    "status": "passed",
                    "title": "should throw an error when adding a task with no title"
                },
                {
                    "ancestorTitles": [
                        "TaskManager"
                    ],
                    "duration": 1,
                    "failureDetails": [],
                    "failureMessages": [],
                    "fullName": "TaskManager should throw an error when deleting a task with an invalid index",
                    "invocations": 1,
                    "location": null,
                    "numPassingAsserts": 1,
                    "retryReasons": [],
                    "status": "passed",
                    "title": "should throw an error when deleting a task with an invalid index"
                }
            ],
            "endTime": 1725272865381, 
            "message": "",
            "name": "D:\\Programming\\webhook-reporter-coverage-creator\\jest-example\\tests\\taskManager.test.js",
            "startTime": 1725272864934,
            "status": "passed",
            "summary": ""
        }
    ],
    "wasInterrupted": false,
    "coverageMap": {
        "D:\\Programming\\webhook-reporter-coverage-creator\\jest-example\\src\\taskManager.js": {
            "path": "D:\\Programming\\webhook-reporter-coverage-creator\\jest-example\\src\\taskManager.js",
            "statementMap": {
                "0": {
                    "start": {
                        "line": 1,
                        "column": 17
                    },
                    "end": {
                        "line": 1,
                        "column": 34
                    }
                },
                "1": {
                    "start": {
                        "line": 5,
                        "column": 8
                    },
                    "end": {
                        "line": 5,
                        "column": 24
                    }
                },
                "2": {
                    "start": {
                        "line": 9,
                        "column": 8
                    },
                    "end": {
                        "line": 11,
                        "column": 9
                    }
                },
                "3": {
                    "start": {
                        "line": 10,
                        "column": 12
                    },
                    "end": {
                        "line": 10,
                        "column": 49
                    }
                },
                "4": {
                    "start": {
                        "line": 12,
                        "column": 21
                    },
                    "end": {
                        "line": 12,
                        "column": 36
                    }
                },
                "5": {
                    "start": {
                        "line": 13,
                        "column": 8
                    },
                    "end": {
                        "line": 13,
                        "column": 30
                    }
                },
                "6": {
                    "start": {
                        "line": 14,
                        "column": 8
                    },
                    "end": {
                        "line": 14,
                        "column": 20
                    }
                },
                "7": {
                    "start": {
                        "line": 18,
                        "column": 8
                    },
                    "end": {
                        "line": 20,
                        "column": 9
                    }
                },
                "8": {
                    "start": {
                        "line": 19,
                        "column": 12
                    },
                    "end": {
                        "line": 19,
                        "column": 50
                    }
                },
                "9": {
                    "start": {
                        "line": 21,
                        "column": 8
                    },
                    "end": {
                        "line": 21,
                        "column": 37
                    }
                },
                "10": {
                    "start": {
                        "line": 25,
                        "column": 8
                    },
                    "end": {
                        "line": 25,
                        "column": 75
                    }
                },
                "11": {
                    "start": {
                        "line": 25,
                        "column": 41
                    },
                    "end": {
                        "line": 25,
                        "column": 73
                    }
                },
                "12": {
                    "start": {
                        "line": 29,
                        "column": 8
                    },
                    "end": {
                        "line": 31,
                        "column": 9
                    }
                },
                "13": {
                    "start": {
                        "line": 30,
                        "column": 12
                    },
                    "end": {
                        "line": 30,
                        "column": 50
                    }
                },
                "14": {
                    "start": {
                        "line": 32,
                        "column": 8
                    },
                    "end": {
                        "line": 32,
                        "column": 36
                    }
                },
                "15": {
                    "start": {
                        "line": 36,
                        "column": 0
                    },
                    "end": {
                        "line": 36,
                        "column": 33
                    }
                }
            },
            "fnMap": {
                "0": {
                    "name": "(anonymous_0)",
                    "decl": {
                        "start": {
                            "line": 4,
                            "column": 4
                        },
                        "end": {
                            "line": 4,
                            "column": 5
                        }
                    },
                    "loc": {
                        "start": {
                            "line": 4,
                            "column": 18
                        },
                        "end": {
                            "line": 6,
                            "column": 5
                        }
                    },
                    "line": 4
                },
                "1": {
                    "name": "(anonymous_1)",
                    "decl": {
                        "start": {
                            "line": 8,
                            "column": 4
                        },
                        "end": {
                            "line": 8,
                            "column": 5
                        }
                    },
                    "loc": {
                        "start": {
                            "line": 8,
                            "column": 19
                        },
                        "end": {
                            "line": 15,
                            "column": 5
                        }
                    },
                    "line": 8
                },
                "2": {
                    "name": "(anonymous_2)",
                    "decl": {
                        "start": {
                            "line": 17,
                            "column": 4
                        },
                        "end": {
                            "line": 17,
                            "column": 5
                        }
                    },
                    "loc": {
                        "start": {
                            "line": 17,
                            "column": 24
                        },
                        "end": {
                            "line": 22,
                            "column": 5
                        }
                    },
                    "line": 17
                },
                "3": {
                    "name": "(anonymous_3)",
                    "decl": {
                        "start": {
                            "line": 24,
                            "column": 4
                        },
                        "end": {
                            "line": 24,
                            "column": 5
                        }
                    },
                    "loc": {
                        "start": {
                            "line": 24,
                            "column": 36
                        },
                        "end": {
                            "line": 26,
                            "column": 5
                        }
                    },
                    "line": 24
                },
                "4": {
                    "name": "(anonymous_4)",
                    "decl": {
                        "start": {
                            "line": 25,
                            "column": 33
                        },
                        "end": {
                            "line": 25,
                            "column": 34
                        }
                    },
                    "loc": {
                        "start": {
                            "line": 25,
                            "column": 41
                        },
                        "end": {
                            "line": 25,
                            "column": 73
                        }
                    },
                    "line": 25
                },
                "5": {
                    "name": "(anonymous_5)",
                    "decl": {
                        "start": {
                            "line": 28,
                            "column": 4
                        },
                        "end": {
                            "line": 28,
                            "column": 5
                        }
                    },
                    "loc": {
                        "start": {
                            "line": 28,
                            "column": 22
                        },
                        "end": {
                            "line": 33,
                            "column": 5
                        }
                    },
                    "line": 28
                }
            },
            "branchMap": {
                "0": {
                    "loc": {
                        "start": {
                            "line": 9,
                            "column": 8
                        },
                        "end": {
                            "line": 11,
                            "column": 9
                        }
                    },
                    "type": "if",
                    "locations": [
                        {
                            "start": {
                                "line": 9,
                                "column": 8
                            },
                            "end": {
                                "line": 11,
                                "column": 9
                            }
                        },
                        {
                            "start": {},
                            "end": {}
                        }
                    ],
                    "line": 9
                },
                "1": {
                    "loc": {
                        "start": {
                            "line": 18,
                            "column": 8
                        },
                        "end": {
                            "line": 20,
                            "column": 9
                        }
                    },
                    "type": "if",
                    "locations": [
                        {
                            "start": {
                                "line": 18,
                                "column": 8
                            },
                            "end": {
                                "line": 20,
                                "column": 9
                            }
                        },
                        {
                            "start": {},
                            "end": {}
                        }
                    ],
                    "line": 18
                },
                "2": {
                    "loc": {
                        "start": {
                            "line": 18,
                            "column": 12
                        },
                        "end": {
                            "line": 18,
                            "column": 51
                        }
                    },
                    "type": "binary-expr",
                    "locations": [
                        {
                            "start": {
                                "line": 18,
                                "column": 12
                            },
                            "end": {
                                "line": 18,
                                "column": 21
                            }
                        },
                        {
                            "start": {
                                "line": 18,
                                "column": 25
                            },
                            "end": {
                                "line": 18,
                                "column": 51
                            }
                        }
                    ],
                    "line": 18
                },
                "3": {
                    "loc": {
                        "start": {
                            "line": 24,
                            "column": 14
                        },
                        "end": {
                            "line": 24,
                            "column": 34
                        }
                    },
                    "type": "default-arg",
                    "locations": [
                        {
                            "start": {
                                "line": 24,
                                "column": 30
                            },
                            "end": {
                                "line": 24,
                                "column": 34
                            }
                        }
                    ],
                    "line": 24
                },
                "4": {
                    "loc": {
                        "start": {
                            "line": 25,
                            "column": 41
                        },
                        "end": {
                            "line": 25,
                            "column": 73
                        }
                    },
                    "type": "binary-expr",
                    "locations": [
                        {
                            "start": {
                                "line": 25,
                                "column": 41
                            },
                            "end": {
                                "line": 25,
                                "column": 54
                            }
                        },
                        {
                            "start": {
                                "line": 25,
                                "column": 58
                            },
                            "end": {
                                "line": 25,
                                "column": 73
                            }
                        }
                    ],
                    "line": 25
                },
                "5": {
                    "loc": {
                        "start": {
                            "line": 29,
                            "column": 8
                        },
                        "end": {
                            "line": 31,
                            "column": 9
                        }
                    },
                    "type": "if",
                    "locations": [
                        {
                            "start": {
                                "line": 29,
                                "column": 8
                            },
                            "end": {
                                "line": 31,
                                "column": 9
                            }
                        },
                        {
                            "start": {},
                            "end": {}
                        }
                    ],
                    "line": 29
                },
                "6": {
                    "loc": {
                        "start": {
                            "line": 29,
                            "column": 12
                        },
                        "end": {
                            "line": 29,
                            "column": 51
                        }
                    },
                    "type": "binary-expr",
                    "locations": [
                        {
                            "start": {
                                "line": 29,
                                "column": 12
                            },
                            "end": {
                                "line": 29,
                                "column": 21
                            }
                        },
                        {
                            "start": {
                                "line": 29,
                                "column": 25
                            },
                            "end": {
                                "line": 29,
                                "column": 51
                            }
                        }
                    ],
                    "line": 29
                }
            },
            "s": {
                "0": 1,
                "1": 6,
                "2": 6,
                "3": 1,
                "4": 5,
                "5": 5,
                "6": 5,
                "7": 4,
                "8": 0,
                "9": 4,
                "10": 1,
                "11": 2,
                "12": 1,
                "13": 1,
                "14": 0,
                "15": 1
            },
            "f": {
                "0": 6,
                "1": 6,
                "2": 4,
                "3": 1,
                "4": 2,
                "5": 1
            },
            "b": {
                "0": [
                    1,
                    5
                ],
                "1": [
                    0,
                    4
                ],
                "2": [
                    4,
                    4
                ],
                "3": [
                    0
                ],
                "4": [
                    2,
                    2
                ],
                "5": [
                    1,
                    0
                ],
                "6": [
                    1,
                    1
                ]
            },
            "_coverageSchema": "1a1c01bbd47fc00a2c39e90264f33305004495a9",
            "hash": "fc6a033675297ccd058e8cf6dd5f7570e9ae19a8"
        },
        "D:\\Programming\\webhook-reporter-coverage-creator\\jest-example\\src\\task.js": {
            "path": "D:\\Programming\\webhook-reporter-coverage-creator\\jest-example\\src\\task.js",
            "statementMap": {
                "0": {
                    "start": {
                        "line": 3,
                        "column": 8
                    },
                    "end": {
                        "line": 3,
                        "column": 27
                    }
                },
                "1": {
                    "start": {
                        "line": 4,
                        "column": 8
                    },
                    "end": {
                        "line": 4,
                        "column": 31
                    }
                },
                "2": {
                    "start": {
                        "line": 5,
                        "column": 8
                    },
                    "end": {
                        "line": 5,
                        "column": 36
                    }
                },
                "3": {
                    "start": {
                        "line": 9,
                        "column": 8
                    },
                    "end": {
                        "line": 13,
                        "column": 9
                    }
                },
                "4": {
                    "start": {
                        "line": 10,
                        "column": 12
                    },
                    "end": {
                        "line": 10,
                        "column": 34
                    }
                },
                "5": {
                    "start": {
                        "line": 12,
                        "column": 12
                    },
                    "end": {
                        "line": 12,
                        "column": 57
                    }
                },
                "6": {
                    "start": {
                        "line": 17,
                        "column": 8
                    },
                    "end": {
                        "line": 21,
                        "column": 9
                    }
                },
                "7": {
                    "start": {
                        "line": 18,
                        "column": 12
                    },
                    "end": {
                        "line": 18,
                        "column": 34
                    }
                },
                "8": {
                    "start": {
                        "line": 20,
                        "column": 12
                    },
                    "end": {
                        "line": 20,
                        "column": 45
                    }
                },
                "9": {
                    "start": {
                        "line": 25,
                        "column": 0
                    },
                    "end": {
                        "line": 25,
                        "column": 26
                    }
                }
            },
            "fnMap": {
                "0": {
                    "name": "(anonymous_0)",
                    "decl": {
                        "start": {
                            "line": 2,
                            "column": 4
                        },
                        "end": {
                            "line": 2,
                            "column": 5
                        }
                    },
                    "loc": {
                        "start": {
                            "line": 2,
                            "column": 23
                        },
                        "end": {
                            "line": 6,
                            "column": 5
                        }
                    },
                    "line": 2
                },
                "1": {
                    "name": "(anonymous_1)",
                    "decl": {
                        "start": {
                            "line": 8,
                            "column": 4
                        },
                        "end": {
                            "line": 8,
                            "column": 5
                        }
                    },
                    "loc": {
                        "start": {
                            "line": 8,
                            "column": 15
                        },
                        "end": {
                            "line": 14,
                            "column": 5
                        }
                    },
                    "line": 8
                },
                "2": {
                    "name": "(anonymous_2)",
                    "decl": {
                        "start": {
                            "line": 16,
                            "column": 4
                        },
                        "end": {
                            "line": 16,
                            "column": 5
                        }
                    },
                    "loc": {
                        "start": {
                            "line": 16,
                            "column": 21
                        },
                        "end": {
                            "line": 22,
                            "column": 5
                        }
                    },
                    "line": 16
                }
            },
            "branchMap": {
                "0": {
                    "loc": {
                        "start": {
                            "line": 9,
                            "column": 8
                        },
                        "end": {
                            "line": 13,
                            "column": 9
                        }
                    },
                    "type": "if",
                    "locations": [
                        {
                            "start": {
                                "line": 9,
                                "column": 8
                            },
                            "end": {
                                "line": 13,
                                "column": 9
                            }
                        },
                        {
                            "start": {
                                "line": 11,
                                "column": 15
                            },
                            "end": {
                                "line": 13,
                                "column": 9
                            }
                        }
                    ],
                    "line": 9
                },
                "1": {
                    "loc": {
                        "start": {
                            "line": 17,
                            "column": 8
                        },
                        "end": {
                            "line": 21,
                            "column": 9
                        }
                    },
                    "type": "if",
                    "locations": [
                        {
                            "start": {
                                "line": 17,
                                "column": 8
                            },
                            "end": {
                                "line": 21,
                                "column": 9
                            }
                        },
                        {
                            "start": {
                                "line": 19,
                                "column": 15
                            },
                            "end": {
                                "line": 21,
                                "column": 9
                            }
                        }
                    ],
                    "line": 17
                },
                "2": {
                    "loc": {
                        "start": {
                            "line": 17,
                            "column": 12
                        },
                        "end": {
                            "line": 17,
                            "column": 47
                        }
                    },
                    "type": "binary-expr",
                    "locations": [
                        {
                            "start": {
                                "line": 17,
                                "column": 12
                            },
                            "end": {
                                "line": 17,
                                "column": 20
                            }
                        },
                        {
                            "start": {
                                "line": 17,
                                "column": 24
                            },
                            "end": {
                                "line": 17,
                                "column": 47
                            }
                        }
                    ],
                    "line": 17
                }
            },
            "s": {
                "0": 5,
                "1": 5,
                "2": 5,
                "3": 4,
                "4": 3,
                "5": 1,
                "6": 0,
                "7": 0,
                "8": 0,
                "9": 1
            },
            "f": {
                "0": 5,
                "1": 4,
                "2": 0
            },
            "b": {
                "0": [
                    3,
                    1
                ],
                "1": [
                    0,
                    0
                ],
                "2": [
                    0,
                    0
                ]
            },
            "_coverageSchema": "1a1c01bbd47fc00a2c39e90264f33305004495a9",
            "hash": "1d9f9ac02a74de36984f1f71c8d9900b2bec27fc"
        }
    }
}